<?xml version="1.0" encoding="UTF-8"?>
<robot generator="Robot 7.1.1 (Python 3.12.6 on win32)" generated="2026-02-04T18:22:12.778155" rpa="false" schemaversion="5">
<suite id="s1" name="Address Test" source="C:\Users\Ville\robotframe\ex_1\address_test.robot">
<test id="s1-t1" name="Remove Address File Test" line="68">
<kw name="Remove Existing Address File">
<kw name="Open Connection" owner="SSHLibrary">
<arg>${HOST}</arg>
<arg>port=22</arg>
<doc>Opens a new SSH connection to the given ``host`` and ``port``.</doc>
<status status="PASS" start="2026-02-04T18:22:14.184389" elapsed="0.000000"/>
</kw>
<kw name="Login With Public Key" owner="SSHLibrary">
<msg time="2026-02-04T18:22:14.186346" level="INFO">Logging into 'shell.metropolia.fi:22' as 'vilkosk'.</msg>
<msg time="2026-02-04T18:22:16.554637" level="INFO">Read output: Last login: Wed Feb  4 18:16:12 2026 from 91.154.80.120
[?2004h[vilkosk@shell ~]$</msg>
<arg>${USER}</arg>
<arg>${PRIVATE_KEY}</arg>
<doc>Logs into the SSH server using key-based authentication.</doc>
<status status="PASS" start="2026-02-04T18:22:14.185366" elapsed="2.369271"/>
</kw>
<kw name="Run Keyword And Return Status" owner="BuiltIn">
<kw name="Execute Command" owner="SSHLibrary">
<msg time="2026-02-04T18:22:16.555615" level="INFO">Executing command 'test -f /home2-2/v/vilkosk/address.txt'.</msg>
<msg time="2026-02-04T18:22:16.598120" level="INFO">Command exited with return code 0.</msg>
<arg>test -f ${filename}</arg>
<doc>Executes ``command`` on the remote machine and returns its outputs.</doc>
<status status="PASS" start="2026-02-04T18:22:16.555615" elapsed="0.042505"/>
</kw>
<msg time="2026-02-04T18:22:16.598120" level="INFO">${file_exists} = True</msg>
<var>${file_exists}</var>
<arg>Execute Command</arg>
<arg>test -f ${filename}</arg>
<doc>Runs the given keyword with given arguments and returns the status as a Boolean value.</doc>
<status status="PASS" start="2026-02-04T18:22:16.554637" elapsed="0.043483"/>
</kw>
<if>
<branch type="IF" condition="${file_exists}">
<kw name="Execute Command" owner="SSHLibrary">
<msg time="2026-02-04T18:22:16.599099" level="INFO">Executing command 'head -n 1 /home2-2/v/vilkosk/address.txt'.</msg>
<msg time="2026-02-04T18:22:16.674331" level="INFO">Command exited with return code 0.</msg>
<msg time="2026-02-04T18:22:16.674331" level="INFO">${first_line} = Henna Hietanen</msg>
<var>${first_line}</var>
<arg>head -n 1 ${filename}</arg>
<doc>Executes ``command`` on the remote machine and returns its outputs.</doc>
<status status="PASS" start="2026-02-04T18:22:16.598120" elapsed="0.076211"/>
</kw>
<kw name="Log" owner="BuiltIn">
<msg time="2026-02-04T18:22:16.674331" level="INFO">Removing data for person: Henna Hietanen</msg>
<arg>Removing data for person: ${first_line}</arg>
<doc>Logs the given message with the given level.</doc>
<status status="PASS" start="2026-02-04T18:22:16.674331" elapsed="0.000000"/>
</kw>
<kw name="Execute Command" owner="SSHLibrary">
<msg time="2026-02-04T18:22:16.675312" level="INFO">Executing command 'rm /home2-2/v/vilkosk/address.txt'.</msg>
<msg time="2026-02-04T18:22:16.750503" level="INFO">Command exited with return code 0.</msg>
<arg>rm ${filename}</arg>
<doc>Executes ``command`` on the remote machine and returns its outputs.</doc>
<status status="PASS" start="2026-02-04T18:22:16.675312" elapsed="0.075191"/>
</kw>
<status status="PASS" start="2026-02-04T18:22:16.598120" elapsed="0.152383"/>
</branch>
<status status="PASS" start="2026-02-04T18:22:16.598120" elapsed="0.152383"/>
</if>
<kw name="Close Connection" owner="SSHLibrary">
<doc>Closes the current connection.</doc>
<status status="PASS" start="2026-02-04T18:22:16.750503" elapsed="0.000977"/>
</kw>
<arg>${ADDRESS_FILE}</arg>
<doc>Removes the specified file from the remote server and logs the name from the first line</doc>
<status status="PASS" start="2026-02-04T18:22:14.182437" elapsed="2.569043"/>
</kw>
<doc>Tests removing an existing address file on the remote server</doc>
<status status="PASS" start="2026-02-04T18:22:14.180483" elapsed="2.571978"/>
</test>
<test id="s1-t2" name="Create New Address File Test" line="72">
<kw name="Create Address File With User Selection">
<kw name="Get Random Names">
<kw name="Create List" owner="BuiltIn">
<msg time="2026-02-04T18:22:16.755382" level="INFO">@{names} = [ ]</msg>
<var>@{names}</var>
<doc>Returns a list containing given items.</doc>
<status status="PASS" start="2026-02-04T18:22:16.755382" elapsed="0.000000"/>
</kw>
<for flavor="IN RANGE">
<iter>
<kw name="Name" owner="FakerLibrary">
<msg time="2026-02-04T18:22:16.756364" level="INFO">${name} = Erkki Korhonen</msg>
<var>${name}</var>
<doc>:example: 'John Doe'</doc>
<status status="PASS" start="2026-02-04T18:22:16.756364" elapsed="0.000000"/>
</kw>
<kw name="Append To List" owner="Collections">
<arg>${names}</arg>
<arg>${name}</arg>
<doc>Adds ``values`` to the end of ``list``.</doc>
<status status="PASS" start="2026-02-04T18:22:16.757339" elapsed="0.000000"/>
</kw>
<var name="${i}">0</var>
<status status="PASS" start="2026-02-04T18:22:16.756364" elapsed="0.000975"/>
</iter>
<iter>
<kw name="Name" owner="FakerLibrary">
<msg time="2026-02-04T18:22:16.758315" level="INFO">${name} = Mikael Kettunen</msg>
<var>${name}</var>
<doc>:example: 'John Doe'</doc>
<status status="PASS" start="2026-02-04T18:22:16.757339" elapsed="0.000976"/>
</kw>
<kw name="Append To List" owner="Collections">
<arg>${names}</arg>
<arg>${name}</arg>
<doc>Adds ``values`` to the end of ``list``.</doc>
<status status="PASS" start="2026-02-04T18:22:16.758315" elapsed="0.000976"/>
</kw>
<var name="${i}">1</var>
<status status="PASS" start="2026-02-04T18:22:16.757339" elapsed="0.001952"/>
</iter>
<iter>
<kw name="Name" owner="FakerLibrary">
<msg time="2026-02-04T18:22:16.760271" level="INFO">${name} = Pasi Sainio</msg>
<var>${name}</var>
<doc>:example: 'John Doe'</doc>
<status status="PASS" start="2026-02-04T18:22:16.759291" elapsed="0.000980"/>
</kw>
<kw name="Append To List" owner="Collections">
<arg>${names}</arg>
<arg>${name}</arg>
<doc>Adds ``values`` to the end of ``list``.</doc>
<status status="PASS" start="2026-02-04T18:22:16.760271" elapsed="0.000000"/>
</kw>
<var name="${i}">2</var>
<status status="PASS" start="2026-02-04T18:22:16.759291" elapsed="0.001949"/>
</iter>
<iter>
<kw name="Name" owner="FakerLibrary">
<msg time="2026-02-04T18:22:16.762219" level="INFO">${name} = Maria Kärkkäinen</msg>
<var>${name}</var>
<doc>:example: 'John Doe'</doc>
<status status="PASS" start="2026-02-04T18:22:16.761240" elapsed="0.000979"/>
</kw>
<kw name="Append To List" owner="Collections">
<arg>${names}</arg>
<arg>${name}</arg>
<doc>Adds ``values`` to the end of ``list``.</doc>
<status status="PASS" start="2026-02-04T18:22:16.762219" elapsed="0.000000"/>
</kw>
<var name="${i}">3</var>
<status status="PASS" start="2026-02-04T18:22:16.761240" elapsed="0.000979"/>
</iter>
<iter>
<kw name="Name" owner="FakerLibrary">
<msg time="2026-02-04T18:22:16.763196" level="INFO">${name} = Joona Kangas</msg>
<var>${name}</var>
<doc>:example: 'John Doe'</doc>
<status status="PASS" start="2026-02-04T18:22:16.763196" elapsed="0.000000"/>
</kw>
<kw name="Append To List" owner="Collections">
<arg>${names}</arg>
<arg>${name}</arg>
<doc>Adds ``values`` to the end of ``list``.</doc>
<status status="PASS" start="2026-02-04T18:22:16.764171" elapsed="0.000000"/>
</kw>
<var name="${i}">4</var>
<status status="PASS" start="2026-02-04T18:22:16.763196" elapsed="0.000975"/>
</iter>
<var>${i}</var>
<value>${count}</value>
<status status="PASS" start="2026-02-04T18:22:16.755382" elapsed="0.008789"/>
</for>
<return>
<value>${names}</value>
<status status="PASS" start="2026-02-04T18:22:16.764171" elapsed="0.000000"/>
</return>
<msg time="2026-02-04T18:22:16.764171" level="INFO">@{random_names} = [ Erkki Korhonen | Mikael Kettunen | Pasi Sainio | Maria Kärkkäinen | Joona Kangas ]</msg>
<var>@{random_names}</var>
<arg>5</arg>
<doc>Generates a list of random names</doc>
<status status="PASS" start="2026-02-04T18:22:16.754405" elapsed="0.009766"/>
</kw>
<kw name="Get Selection From User" owner="Dialogs">
<msg time="2026-02-04T18:22:19.999911" level="INFO">${selected_name} = Joona Kangas</msg>
<var>${selected_name}</var>
<arg>Select a name</arg>
<arg>@{random_names}</arg>
<doc>Pauses execution and asks user to select a value.</doc>
<status status="PASS" start="2026-02-04T18:22:16.765147" elapsed="3.234764"/>
</kw>
<kw name="Street Address" owner="FakerLibrary">
<msg time="2026-02-04T18:22:20.001866" level="INFO">${street} = Ylä-Fallin polku 37</msg>
<var>${street}</var>
<doc>:example: '791 Crist Parks'</doc>
<status status="PASS" start="2026-02-04T18:22:19.999911" elapsed="0.001955"/>
</kw>
<kw name="Postcode" owner="FakerLibrary">
<msg time="2026-02-04T18:22:20.007726" level="INFO">${postcode} = 25878</msg>
<var>${postcode}</var>
<doc>:example: 86039-9874</doc>
<status status="PASS" start="2026-02-04T18:22:20.006765" elapsed="0.000961"/>
</kw>
<kw name="City" owner="FakerLibrary">
<msg time="2026-02-04T18:22:20.008702" level="INFO">${city} = Sulkava</msg>
<var>${city}</var>
<doc>:example: 'Sashabury'</doc>
<status status="PASS" start="2026-02-04T18:22:20.008702" elapsed="0.000000"/>
</kw>
<kw name="Catenate" owner="BuiltIn">
<msg time="2026-02-04T18:22:20.012610" level="INFO">${address_content} = Joona Kangas
Ylä-Fallin polku 37
25878 Sulkava</msg>
<var>${address_content}</var>
<arg>SEPARATOR=\n</arg>
<arg>${selected_name}</arg>
<arg>${street}</arg>
<arg>${postcode} ${city}</arg>
<doc>Catenates the given items together and returns the resulted string.</doc>
<status status="PASS" start="2026-02-04T18:22:20.011662" elapsed="0.000948"/>
</kw>
<kw name="Open Connection" owner="SSHLibrary">
<arg>${HOST}</arg>
<arg>port=22</arg>
<doc>Opens a new SSH connection to the given ``host`` and ``port``.</doc>
<status status="PASS" start="2026-02-04T18:22:20.013588" elapsed="0.000000"/>
</kw>
<kw name="Login With Public Key" owner="SSHLibrary">
<msg time="2026-02-04T18:22:20.014561" level="INFO">Logging into 'shell.metropolia.fi:22' as 'vilkosk'.</msg>
<msg time="2026-02-04T18:22:22.215842" level="INFO">Read output: Last login: Wed Feb  4 18:22:14 2026 from 91.154.80.120
[?2004h[vilkosk@shell ~]$</msg>
<arg>${USER}</arg>
<arg>${PRIVATE_KEY}</arg>
<doc>Logs into the SSH server using key-based authentication.</doc>
<status status="PASS" start="2026-02-04T18:22:20.014561" elapsed="2.201281"/>
</kw>
<kw name="Execute Command" owner="SSHLibrary">
<msg time="2026-02-04T18:22:22.216806" level="INFO">Executing command 'echo "Joona Kangas
Ylä-Fallin polku 37
25878 Sulkava" &gt; /home2-2/v/vilkosk/address.txt'.</msg>
<msg time="2026-02-04T18:22:22.261729" level="INFO">Command exited with return code 0.</msg>
<arg>echo "${address_content}" &gt; ${ADDRESS_FILE}</arg>
<doc>Executes ``command`` on the remote machine and returns its outputs.</doc>
<status status="PASS" start="2026-02-04T18:22:22.215842" elapsed="0.045887"/>
</kw>
<kw name="Close Connection" owner="SSHLibrary">
<doc>Closes the current connection.</doc>
<status status="PASS" start="2026-02-04T18:22:22.261729" elapsed="0.000975"/>
</kw>
<doc>Creates an address file with user-selected name and random address details on the remote server</doc>
<status status="PASS" start="2026-02-04T18:22:16.754405" elapsed="5.508299"/>
</kw>
<doc>Tests creating a new address file with user selection on the remote server</doc>
<status status="PASS" start="2026-02-04T18:22:16.753431" elapsed="5.510255"/>
</test>
<test id="s1-t3" name="Verify Address File Content Test" line="76">
<kw name="Verify Address File Line Count">
<kw name="Open Connection" owner="SSHLibrary">
<arg>${HOST}</arg>
<arg>port=22</arg>
<doc>Opens a new SSH connection to the given ``host`` and ``port``.</doc>
<status status="PASS" start="2026-02-04T18:22:22.265630" elapsed="0.000976"/>
</kw>
<kw name="Login With Public Key" owner="SSHLibrary">
<msg time="2026-02-04T18:22:22.267584" level="INFO">Logging into 'shell.metropolia.fi:22' as 'vilkosk'.</msg>
<msg time="2026-02-04T18:22:23.949264" level="INFO">Read output: Last login: Wed Feb  4 18:22:19 2026 from 91.154.80.120
[?2004h[vilkosk@shell ~]$</msg>
<arg>${USER}</arg>
<arg>${PRIVATE_KEY}</arg>
<doc>Logs into the SSH server using key-based authentication.</doc>
<status status="PASS" start="2026-02-04T18:22:22.266606" elapsed="1.682658"/>
</kw>
<kw name="Execute Command" owner="SSHLibrary">
<msg time="2026-02-04T18:22:23.949264" level="INFO">Executing command 'cat /home2-2/v/vilkosk/address.txt'.</msg>
<msg time="2026-02-04T18:22:23.991325" level="INFO">Command exited with return code 0.</msg>
<msg time="2026-02-04T18:22:23.991325" level="INFO">${content} = Joona Kangas
Ylä-Fallin polku 37
25878 Sulkava</msg>
<var>${content}</var>
<arg>cat ${ADDRESS_FILE}</arg>
<doc>Executes ``command`` on the remote machine and returns its outputs.</doc>
<status status="PASS" start="2026-02-04T18:22:23.949264" elapsed="0.042061"/>
</kw>
<kw name="Split To Lines" owner="String">
<msg time="2026-02-04T18:22:23.992305" level="INFO">3 lines returned</msg>
<msg time="2026-02-04T18:22:23.992305" level="INFO">@{lines} = [ Joona Kangas | Ylä-Fallin polku 37 | 25878 Sulkava ]</msg>
<var>@{lines}</var>
<arg>${content}</arg>
<doc>Splits the given string to lines.</doc>
<status status="PASS" start="2026-02-04T18:22:23.992305" elapsed="0.000000"/>
</kw>
<kw name="Length Should Be" owner="BuiltIn">
<msg time="2026-02-04T18:22:23.993283" level="INFO">Length is 3.</msg>
<arg>${lines}</arg>
<arg>${expected_lines}</arg>
<doc>Verifies that the length of the given item is correct.</doc>
<status status="PASS" start="2026-02-04T18:22:23.993283" elapsed="0.000000"/>
</kw>
<kw name="Close Connection" owner="SSHLibrary">
<doc>Closes the current connection.</doc>
<status status="PASS" start="2026-02-04T18:22:23.993283" elapsed="0.000973"/>
</kw>
<arg>3</arg>
<doc>Verifies that the remote address file contains the expected number of lines</doc>
<status status="PASS" start="2026-02-04T18:22:22.265630" elapsed="1.728626"/>
</kw>
<doc>Tests that the remote address file contains exactly three lines</doc>
<status status="PASS" start="2026-02-04T18:22:22.264660" elapsed="1.730580"/>
</test>
<status status="PASS" start="2026-02-04T18:22:12.781082" elapsed="11.216116"/>
</suite>
<statistics>
<total>
<stat pass="3" fail="0" skip="0">All Tests</stat>
</total>
<tag>
</tag>
<suite>
<stat pass="3" fail="0" skip="0" id="s1" name="Address Test">Address Test</stat>
</suite>
</statistics>
<errors>
</errors>
</robot>
